<?xml version="1.0" encoding="UTF-8"?>
<!-- Generated by org.testng.reporters.JUnitReportReporter -->
<testsuite skipped="0" hostname="Esenalis-MacBook-Pro.local" name="testngselenium.GoogleSearchSelenium" tests="2" failures="0" timestamp="20 Apr 2017 02:00:46 GMT" time="7.988" errors="0">
  <testcase name="search" time="3.512" classname="testngselenium.GoogleSearchSelenium"/>
  <testcase name="search" time="4.476" classname="testngselenium.GoogleSearchSelenium"/>
</testsuite> <!-- testngselenium.GoogleSearchSelenium -->
