<?xml version="1.0" encoding="UTF-8"?>
<!-- Generated by org.testng.reporters.JUnitReportReporter -->
<testsuite skipped="0" hostname="Esenalis-MacBook-Pro.local" name="testngselenium.GoogleSearch" tests="2" failures="0" timestamp="20 Apr 2017 00:23:24 GMT" time="0.012" errors="0">
  <testcase name="search" time="0.002" classname="testngselenium.GoogleSearch"/>
  <testcase name="loginToGmailAccount" time="0.010" classname="testngselenium.GoogleSearch"/>
</testsuite> <!-- testngselenium.GoogleSearch -->
