<?xml version="1.0" encoding="UTF-8"?>
<!-- Generated by org.testng.reporters.JUnitReportReporter -->
<testsuite skipped="0" hostname="Esenalis-MacBook-Pro.local" name="testngtests.TestNGDataProvider" tests="2" failures="0" timestamp="19 Apr 2017 23:55:39 GMT" time="0.003" errors="0">
  <testcase name="login" time="0.002" classname="testngtests.TestNGDataProvider"/>
  <testcase name="login" time="0.001" classname="testngtests.TestNGDataProvider"/>
</testsuite> <!-- testngtests.TestNGDataProvider -->
