<?xml version="1.0" encoding="UTF-8"?>
<!-- Generated by org.testng.reporters.JUnitReportReporter -->
<testsuite skipped="0" hostname="Esenalis-MacBook-Pro.local" name="testngtests.TestNGParameters" tests="1" failures="0" timestamp="19 Apr 2017 23:55:19 GMT" time="0.002" errors="0">
  <testcase name="login" time="0.002" classname="testngtests.TestNGParameters"/>
</testsuite> <!-- testngtests.TestNGParameters -->
