<?xml version="1.0" encoding="UTF-8"?>
<!-- Generated by org.testng.reporters.JUnitReportReporter -->
<testsuite skipped="0" hostname="Esenalis-MacBook-Pro.local" name="testngtests.TestNGAnnotations" tests="2" failures="0" timestamp="19 Apr 2017 23:55:09 GMT" time="0.005" errors="0">
  <testcase name="test2" time="0.002" classname="testngtests.TestNGAnnotations"/>
  <testcase name="test1" time="0.003" classname="testngtests.TestNGAnnotations"/>
</testsuite> <!-- testngtests.TestNGAnnotations -->
