<?xml version="1.0" encoding="UTF-8"?>
<!-- Generated by org.testng.reporters.JUnitReportReporter -->
<testsuite skipped="0" hostname="Esenalis-MacBook-Pro.local" name="testngtests.TestNGGroups" tests="7" failures="0" timestamp="19 Apr 2017 23:55:34 GMT" time="0.011" errors="0">
  <testcase name="cats" time="0.001" classname="testngtests.TestNGGroups"/>
  <testcase name="cucumbers" time="0.001" classname="testngtests.TestNGGroups"/>
  <testcase name="oranges" time="0.002" classname="testngtests.TestNGGroups"/>
  <testcase name="fish" time="0.004" classname="testngtests.TestNGGroups"/>
  <testcase name="apples" time="0.001" classname="testngtests.TestNGGroups"/>
  <testcase name="dogs" time="0.001" classname="testngtests.TestNGGroups"/>
  <testcase name="grapes" time="0.001" classname="testngtests.TestNGGroups"/>
</testsuite> <!-- testngtests.TestNGGroups -->
