<?xml version="1.0" encoding="UTF-8"?>
<!-- Generated by org.testng.reporters.JUnitReportReporter -->
<testsuite skipped="0" hostname="Esenalis-MacBook-Pro.local" name="testngtests.TestNGDependencyTest" tests="3" failures="0" timestamp="19 Apr 2017 23:55:24 GMT" time="0.006" errors="0">
  <testcase name="launchDriver" time="0.002" classname="testngtests.TestNGDependencyTest"/>
  <testcase name="login" time="0.001" classname="testngtests.TestNGDependencyTest"/>
  <testcase name="logout" time="0.003" classname="testngtests.TestNGDependencyTest"/>
</testsuite> <!-- testngtests.TestNGDependencyTest -->
