<?xml version="1.0" encoding="UTF-8"?>
<!-- Generated by org.testng.reporters.JUnitReportReporter -->
<testsuite skipped="0" hostname="Esenalis-MacBook-Pro.local" name="testng.tests.TestNGAnnotations" tests="2" failures="0" timestamp="18 Apr 2017 23:53:37 GMT" time="0.009" errors="0">
  <testcase name="test1" time="0.007" classname="testng.tests.TestNGAnnotations"/>
  <testcase name="test2" time="0.002" classname="testng.tests.TestNGAnnotations"/>
</testsuite> <!-- testng.tests.TestNGAnnotations -->
